<?xml version="1.0" encoding="UTF-8"?>
<!-- Generated by org.testng.reporters.JUnitXMLReporter -->
<testsuite ignored="3" hostname="DESKTOP-SQ1HPPK" failures="0" tests="1" name="SpeakLangTests" time="89.017" errors="0" timestamp="2023-04-30T08:10:59 IST">
  <testcase classname="com.app.tests.SpeakLangTests" name="verifyLogin" time="79.921"/>
  <testcase classname="com.app.tests.SpeakLangTests" name="verifyHomepage" time="0.0">
    <ignored/>
  </testcase> <!-- verifyHomepage -->
  <testcase classname="com.app.tests.SpeakLangTests" name="verifySingup" time="0.0">
    <ignored/>
  </testcase> <!-- verifySingup -->
  <testcase classname="com.app.tests.SpeakLangTests" name="verifyFooterSection" time="0.0">
    <ignored/>
  </testcase> <!-- verifyFooterSection -->
</testsuite> <!-- SpeakLangTests -->
